app/build/intermediates/manifest_merge_blame_file/debug/manifest-merger-blame-debug-report.txt
1<?xml version="1.0" encoding="utf-8"?>
2<manifest xmlns:android="http://schemas.android.com/apk/res/android"
3    package="com.daspos"
4    android:versionCode="1"
5    android:versionName="1.4.4" >
6
7    <uses-sdk
8        android:minSdkVersion="22"
9        android:targetSdkVersion="34" />
10
11    <uses-permission android:name="android.permission.INTERNET" />
11-->src\main\AndroidManifest.xml:4:5-67
11-->src\main\AndroidManifest.xml:4:22-64
12    <uses-permission android:name="android.permission.BLUETOOTH" />
12-->src\main\AndroidManifest.xml:5:5-68
12-->src\main\AndroidManifest.xml:5:22-65
13    <uses-permission android:name="android.permission.BLUETOOTH_ADMIN" />
13-->src\main\AndroidManifest.xml:6:5-74
13-->src\main\AndroidManifest.xml:6:22-71
14    <uses-permission android:name="android.permission.BLUETOOTH_CONNECT" />
14-->src\main\AndroidManifest.xml:7:5-76
14-->src\main\AndroidManifest.xml:7:22-73
15    <uses-permission android:name="android.permission.BLUETOOTH_SCAN" />
15-->src\main\AndroidManifest.xml:8:5-73
15-->src\main\AndroidManifest.xml:8:22-70
16
17    <!-- Legacy storage permission untuk Android <= 12 -->
18    <uses-permission
18-->src\main\AndroidManifest.xml:11:5-107
19        android:name="android.permission.READ_EXTERNAL_STORAGE"
19-->src\main\AndroidManifest.xml:11:22-77
20        android:maxSdkVersion="32" />
20-->src\main\AndroidManifest.xml:11:78-104
21    <uses-permission
21-->src\main\AndroidManifest.xml:12:5-108
22        android:name="android.permission.WRITE_EXTERNAL_STORAGE"
22-->src\main\AndroidManifest.xml:12:22-78
23        android:maxSdkVersion="28" />
23-->src\main\AndroidManifest.xml:12:79-105
24
25    <!-- Android 13+ media access -->
26    <uses-permission android:name="android.permission.READ_MEDIA_IMAGES" />
26-->src\main\AndroidManifest.xml:15:5-76
26-->src\main\AndroidManifest.xml:15:22-73
27
28    <permission
28-->[androidx.core:core:1.12.0] AndroidManifest.xml:22:5-24:47
29        android:name="com.daspos.DYNAMIC_RECEIVER_NOT_EXPORTED_PERMISSION"
29-->[androidx.core:core:1.12.0] AndroidManifest.xml:23:9-81
30        android:protectionLevel="signature" />
30-->[androidx.core:core:1.12.0] AndroidManifest.xml:24:9-44
31
32    <uses-permission android:name="com.daspos.DYNAMIC_RECEIVER_NOT_EXPORTED_PERMISSION" />
32-->[androidx.core:core:1.12.0] AndroidManifest.xml:26:5-97
32-->[androidx.core:core:1.12.0] AndroidManifest.xml:26:22-94
33
34    <application
34-->src\main\AndroidManifest.xml:17:5-57:19
35        android:name="com.daspos.DasPosApp"
35-->src\main\AndroidManifest.xml:18:9-34
36        android:allowBackup="true"
36-->src\main\AndroidManifest.xml:19:9-35
37        android:appComponentFactory="androidx.core.app.CoreComponentFactory"
37-->[androidx.core:core:1.12.0] AndroidManifest.xml:28:18-86
38        android:debuggable="true"
39        android:extractNativeLibs="true"
40        android:icon="@drawable/logo"
40-->src\main\AndroidManifest.xml:20:9-38
41        android:label="@string/app_name"
41-->src\main\AndroidManifest.xml:21:9-41
42        android:supportsRtl="true"
42-->src\main\AndroidManifest.xml:22:9-35
43        android:testOnly="true"
44        android:theme="@style/Theme.DasPos" >
44-->src\main\AndroidManifest.xml:23:9-44
45        <activity android:name="com.daspos.feature.printer.BluetoothScanActivity" />
45-->src\main\AndroidManifest.xml:25:9-75
45-->src\main\AndroidManifest.xml:25:19-72
46        <activity android:name="com.daspos.feature.user.UserListActivity" />
46-->src\main\AndroidManifest.xml:26:9-67
46-->src\main\AndroidManifest.xml:26:19-64
47        <activity android:name="com.daspos.feature.user.EditUserActivity" />
47-->src\main\AndroidManifest.xml:27:9-67
47-->src\main\AndroidManifest.xml:27:19-64
48        <activity android:name="com.daspos.feature.user.AddUserActivity" />
48-->src\main\AndroidManifest.xml:28:9-66
48-->src\main\AndroidManifest.xml:28:19-63
49        <activity android:name="com.daspos.feature.transaction.StrukActivity" />
49-->src\main\AndroidManifest.xml:29:9-71
49-->src\main\AndroidManifest.xml:29:19-68
50        <activity android:name="com.daspos.feature.settings.ReceiptPreviewActivity" />
50-->src\main\AndroidManifest.xml:30:9-77
50-->src\main\AndroidManifest.xml:30:19-74
51        <activity android:name="com.daspos.feature.product.ImportProductActivity" />
51-->src\main\AndroidManifest.xml:31:9-75
51-->src\main\AndroidManifest.xml:31:19-72
52        <activity android:name="com.daspos.feature.settings.SelectDatabaseActivity" />
52-->src\main\AndroidManifest.xml:32:9-77
52-->src\main\AndroidManifest.xml:32:19-74
53        <activity android:name="com.daspos.feature.settings.ContactUsActivity" />
53-->src\main\AndroidManifest.xml:33:9-72
53-->src\main\AndroidManifest.xml:33:19-69
54        <activity android:name="com.daspos.feature.settings.AppInfoActivity" />
54-->src\main\AndroidManifest.xml:34:9-70
54-->src\main\AndroidManifest.xml:34:19-67
55        <activity android:name="com.daspos.feature.settings.BackupRestoreActivity" />
55-->src\main\AndroidManifest.xml:35:9-76
55-->src\main\AndroidManifest.xml:35:19-73
56        <activity android:name="com.daspos.feature.printer.PrinterSettingActivity" />
56-->src\main\AndroidManifest.xml:36:9-76
56-->src\main\AndroidManifest.xml:36:19-73
57        <activity android:name="com.daspos.feature.settings.ReceiptSettingActivity" />
57-->src\main\AndroidManifest.xml:37:9-77
57-->src\main\AndroidManifest.xml:37:19-74
58        <activity android:name="com.daspos.feature.settings.StoreInfoActivity" />
58-->src\main\AndroidManifest.xml:38:9-72
58-->src\main\AndroidManifest.xml:38:19-69
59        <activity android:name="com.daspos.feature.settings.ChangePasswordActivity" />
59-->src\main\AndroidManifest.xml:39:9-77
59-->src\main\AndroidManifest.xml:39:19-74
60        <activity android:name="com.daspos.feature.settings.AccountSettingActivity" />
60-->src\main\AndroidManifest.xml:40:9-77
60-->src\main\AndroidManifest.xml:40:19-74
61        <activity android:name="com.daspos.feature.settings.SettingActivity" />
61-->src\main\AndroidManifest.xml:41:9-70
61-->src\main\AndroidManifest.xml:41:19-67
62        <activity android:name="com.daspos.feature.report.ReportActivity" />
62-->src\main\AndroidManifest.xml:42:9-67
62-->src\main\AndroidManifest.xml:42:19-64
63        <activity android:name="com.daspos.feature.product.ProductFormActivity" />
63-->src\main\AndroidManifest.xml:43:9-73
63-->src\main\AndroidManifest.xml:43:19-70
64        <activity android:name="com.daspos.feature.product.ProductActivity" />
64-->src\main\AndroidManifest.xml:44:9-69
64-->src\main\AndroidManifest.xml:44:19-66
65        <activity android:name="com.daspos.feature.transaction.TransactionActivity" />
65-->src\main\AndroidManifest.xml:45:9-77
65-->src\main\AndroidManifest.xml:45:19-74
66        <activity android:name="com.daspos.core.app.HomeActivity" />
66-->src\main\AndroidManifest.xml:46:9-59
66-->src\main\AndroidManifest.xml:46:19-56
67        <activity android:name="com.daspos.feature.auth.RegisterActivity" />
67-->src\main\AndroidManifest.xml:47:9-67
67-->src\main\AndroidManifest.xml:47:19-64
68        <activity android:name="com.daspos.feature.auth.LoginActivity" />
68-->src\main\AndroidManifest.xml:48:9-64
68-->src\main\AndroidManifest.xml:48:19-61
69        <activity
69-->src\main\AndroidManifest.xml:49:9-56:20
70            android:name="com.daspos.core.app.SplashActivity"
70-->src\main\AndroidManifest.xml:50:13-52
71            android:exported="true" >
71-->src\main\AndroidManifest.xml:51:13-36
72            <intent-filter>
72-->src\main\AndroidManifest.xml:52:13-55:29
73                <action android:name="android.intent.action.MAIN" />
73-->src\main\AndroidManifest.xml:53:17-69
73-->src\main\AndroidManifest.xml:53:25-66
74
75                <category android:name="android.intent.category.LAUNCHER" />
75-->src\main\AndroidManifest.xml:54:17-77
75-->src\main\AndroidManifest.xml:54:27-74
76            </intent-filter>
77        </activity>
78
79        <provider
79-->[androidx.emoji2:emoji2:1.2.0] AndroidManifest.xml:24:9-32:20
80            android:name="androidx.startup.InitializationProvider"
80-->[androidx.emoji2:emoji2:1.2.0] AndroidManifest.xml:25:13-67
81            android:authorities="com.daspos.androidx-startup"
81-->[androidx.emoji2:emoji2:1.2.0] AndroidManifest.xml:26:13-68
82            android:exported="false" >
82-->[androidx.emoji2:emoji2:1.2.0] AndroidManifest.xml:27:13-37
83            <meta-data
83-->[androidx.emoji2:emoji2:1.2.0] AndroidManifest.xml:29:13-31:52
84                android:name="androidx.emoji2.text.EmojiCompatInitializer"
84-->[androidx.emoji2:emoji2:1.2.0] AndroidManifest.xml:30:17-75
85                android:value="androidx.startup" />
85-->[androidx.emoji2:emoji2:1.2.0] AndroidManifest.xml:31:17-49
86            <meta-data
86-->[androidx.lifecycle:lifecycle-process:2.6.2] AndroidManifest.xml:29:13-31:52
87                android:name="androidx.lifecycle.ProcessLifecycleInitializer"
87-->[androidx.lifecycle:lifecycle-process:2.6.2] AndroidManifest.xml:30:17-78
88                android:value="androidx.startup" />
88-->[androidx.lifecycle:lifecycle-process:2.6.2] AndroidManifest.xml:31:17-49
89            <meta-data
89-->[androidx.profileinstaller:profileinstaller:1.3.0] AndroidManifest.xml:29:13-31:52
90                android:name="androidx.profileinstaller.ProfileInstallerInitializer"
90-->[androidx.profileinstaller:profileinstaller:1.3.0] AndroidManifest.xml:30:17-85
91                android:value="androidx.startup" />
91-->[androidx.profileinstaller:profileinstaller:1.3.0] AndroidManifest.xml:31:17-49
92        </provider>
93
94        <service
94-->[androidx.room:room-runtime:2.6.1] AndroidManifest.xml:24:9-28:63
95            android:name="androidx.room.MultiInstanceInvalidationService"
95-->[androidx.room:room-runtime:2.6.1] AndroidManifest.xml:25:13-74
96            android:directBootAware="true"
96-->[androidx.room:room-runtime:2.6.1] AndroidManifest.xml:26:13-43
97            android:exported="false" />
97-->[androidx.room:room-runtime:2.6.1] AndroidManifest.xml:27:13-37
98
99        <receiver
99-->[androidx.profileinstaller:profileinstaller:1.3.0] AndroidManifest.xml:34:9-52:20
100            android:name="androidx.profileinstaller.ProfileInstallReceiver"
100-->[androidx.profileinstaller:profileinstaller:1.3.0] AndroidManifest.xml:35:13-76
101            android:directBootAware="false"
101-->[androidx.profileinstaller:profileinstaller:1.3.0] AndroidManifest.xml:36:13-44
102            android:enabled="true"
102-->[androidx.profileinstaller:profileinstaller:1.3.0] AndroidManifest.xml:37:13-35
103            android:exported="true"
103-->[androidx.profileinstaller:profileinstaller:1.3.0] AndroidManifest.xml:38:13-36
104            android:permission="android.permission.DUMP" >
104-->[androidx.profileinstaller:profileinstaller:1.3.0] AndroidManifest.xml:39:13-57
105            <intent-filter>
105-->[androidx.profileinstaller:profileinstaller:1.3.0] AndroidManifest.xml:40:13-42:29
106                <action android:name="androidx.profileinstaller.action.INSTALL_PROFILE" />
106-->[androidx.profileinstaller:profileinstaller:1.3.0] AndroidManifest.xml:41:17-91
106-->[androidx.profileinstaller:profileinstaller:1.3.0] AndroidManifest.xml:41:25-88
107            </intent-filter>
108            <intent-filter>
108-->[androidx.profileinstaller:profileinstaller:1.3.0] AndroidManifest.xml:43:13-45:29
109                <action android:name="androidx.profileinstaller.action.SKIP_FILE" />
109-->[androidx.profileinstaller:profileinstaller:1.3.0] AndroidManifest.xml:44:17-85
109-->[androidx.profileinstaller:profileinstaller:1.3.0] AndroidManifest.xml:44:25-82
110            </intent-filter>
111            <intent-filter>
111-->[androidx.profileinstaller:profileinstaller:1.3.0] AndroidManifest.xml:46:13-48:29
112                <action android:name="androidx.profileinstaller.action.SAVE_PROFILE" />
112-->[androidx.profileinstaller:profileinstaller:1.3.0] AndroidManifest.xml:47:17-88
112-->[androidx.profileinstaller:profileinstaller:1.3.0] AndroidManifest.xml:47:25-85
113            </intent-filter>
114            <intent-filter>
114-->[androidx.profileinstaller:profileinstaller:1.3.0] AndroidManifest.xml:49:13-51:29
115                <action android:name="androidx.profileinstaller.action.BENCHMARK_OPERATION" />
115-->[androidx.profileinstaller:profileinstaller:1.3.0] AndroidManifest.xml:50:17-95
115-->[androidx.profileinstaller:profileinstaller:1.3.0] AndroidManifest.xml:50:25-92
116            </intent-filter>
117        </receiver>
118    </application>
119
120</manifest>